0 info it worked if it ends with ok
1 verbose cli [ '/usr/bin/nodejs', '/usr/bin/npm', 'install', '-g', 'i3-style' ]
2 info using npm@3.5.2
3 info using node@v4.2.6
4 silly loadCurrentTree Starting
5 silly install loadCurrentTree
6 silly install readGlobalPackageData
7 silly fetchPackageMetaData i3-style
8 silly fetchNamedPackageData i3-style
9 silly mapToRegistry name i3-style
10 silly mapToRegistry using default registry
11 silly mapToRegistry registry https://registry.npmjs.org/
12 silly mapToRegistry uri https://registry.npmjs.org/i3-style
13 verbose request uri https://registry.npmjs.org/i3-style
14 verbose request no auth needed
15 info attempt registry request try #1 at 3:53:34 PM
16 verbose request id 6e26c6ecc0939777
17 verbose etag W/"58360d07-5683"
18 verbose lastModified Wed, 23 Nov 2016 21:41:27 GMT
19 http request GET https://registry.npmjs.org/i3-style
20 http 304 https://registry.npmjs.org/i3-style
21 verbose headers { date: 'Thu, 26 Jan 2017 14:53:34 GMT',
21 verbose headers   via: '1.1 varnish',
21 verbose headers   'cache-control': 'max-age=300',
21 verbose headers   etag: 'W/"58360d07-5683"',
21 verbose headers   age: '70',
21 verbose headers   connection: 'keep-alive',
21 verbose headers   'x-served-by': 'cache-ams4143-AMS',
21 verbose headers   'x-cache': 'HIT',
21 verbose headers   'x-cache-hits': '1',
21 verbose headers   'x-timer': 'S1485442414.137974,VS0,VE0',
21 verbose headers   vary: 'Accept-Encoding' }
22 silly get cb [ 304,
22 silly get   { date: 'Thu, 26 Jan 2017 14:53:34 GMT',
22 silly get     via: '1.1 varnish',
22 silly get     'cache-control': 'max-age=300',
22 silly get     etag: 'W/"58360d07-5683"',
22 silly get     age: '70',
22 silly get     connection: 'keep-alive',
22 silly get     'x-served-by': 'cache-ams4143-AMS',
22 silly get     'x-cache': 'HIT',
22 silly get     'x-cache-hits': '1',
22 silly get     'x-timer': 'S1485442414.137974,VS0,VE0',
22 silly get     vary: 'Accept-Encoding' } ]
23 verbose etag https://registry.npmjs.org/i3-style from cache
24 verbose get saving i3-style to /home/annedouwe/.npm/registry.npmjs.org/i3-style/.cache.json
25 silly install normalizeTree
26 silly loadCurrentTree Finishing
27 silly loadIdealTree Starting
28 silly install loadIdealTree
29 silly cloneCurrentTree Starting
30 silly install cloneCurrentTreeToIdealTree
31 silly cloneCurrentTree Finishing
32 silly loadShrinkwrap Starting
33 silly install loadShrinkwrap
34 silly loadShrinkwrap Finishing
35 silly loadAllDepsIntoIdealTree Starting
36 silly install loadAllDepsIntoIdealTree
37 silly resolveWithNewModule i3-style@0.10.0 checking installable status
38 silly cache add args [ 'i3-style', null ]
39 verbose cache add spec i3-style
40 silly cache add parsed spec Result {
40 silly cache add   raw: 'i3-style',
40 silly cache add   scope: null,
40 silly cache add   name: 'i3-style',
40 silly cache add   rawSpec: '',
40 silly cache add   spec: 'latest',
40 silly cache add   type: 'tag' }
41 silly addNamed i3-style@latest
42 verbose addNamed "latest" is being treated as a dist-tag for i3-style
43 info addNameTag [ 'i3-style', 'latest' ]
44 silly mapToRegistry name i3-style
45 silly mapToRegistry using default registry
46 silly mapToRegistry registry https://registry.npmjs.org/
47 silly mapToRegistry uri https://registry.npmjs.org/i3-style
48 verbose addNameTag registry:https://registry.npmjs.org/i3-style not in flight; fetching
49 verbose get https://registry.npmjs.org/i3-style not expired, no request
50 silly addNameTag next cb for i3-style with tag latest
51 silly addNamed i3-style@0.10.0
52 verbose addNamed "0.10.0" is a plain semver version for i3-style
53 silly cache afterAdd i3-style@0.10.0
54 verbose afterAdd /home/annedouwe/.npm/i3-style/0.10.0/package/package.json not in flight; writing
55 verbose afterAdd /home/annedouwe/.npm/i3-style/0.10.0/package/package.json written
56 silly fetchNamedPackageData color-namer
57 silly mapToRegistry name color-namer
58 silly mapToRegistry using default registry
59 silly mapToRegistry registry https://registry.npmjs.org/
60 silly mapToRegistry uri https://registry.npmjs.org/color-namer
61 silly fetchNamedPackageData commander
62 silly mapToRegistry name commander
63 silly mapToRegistry using default registry
64 silly mapToRegistry registry https://registry.npmjs.org/
65 silly mapToRegistry uri https://registry.npmjs.org/commander
66 silly fetchNamedPackageData js-yaml
67 silly mapToRegistry name js-yaml
68 silly mapToRegistry using default registry
69 silly mapToRegistry registry https://registry.npmjs.org/
70 silly mapToRegistry uri https://registry.npmjs.org/js-yaml
71 silly fetchNamedPackageData shelljs
72 silly mapToRegistry name shelljs
73 silly mapToRegistry using default registry
74 silly mapToRegistry registry https://registry.npmjs.org/
75 silly mapToRegistry uri https://registry.npmjs.org/shelljs
76 silly fetchNamedPackageData underscore
77 silly mapToRegistry name underscore
78 silly mapToRegistry using default registry
79 silly mapToRegistry registry https://registry.npmjs.org/
80 silly mapToRegistry uri https://registry.npmjs.org/underscore
81 verbose request uri https://registry.npmjs.org/color-namer
82 verbose request no auth needed
83 info attempt registry request try #1 at 3:53:34 PM
84 verbose etag W/"583c2e18-2441"
85 verbose lastModified Mon, 28 Nov 2016 13:16:08 GMT
86 http request GET https://registry.npmjs.org/color-namer
87 verbose request uri https://registry.npmjs.org/commander
88 verbose request no auth needed
89 info attempt registry request try #1 at 3:53:34 PM
90 verbose etag W/"58866a35-fe75"
91 verbose lastModified Mon, 23 Jan 2017 20:40:21 GMT
92 http request GET https://registry.npmjs.org/commander
93 verbose request uri https://registry.npmjs.org/underscore
94 verbose request no auth needed
95 info attempt registry request try #1 at 3:53:34 PM
96 verbose etag W/"58871b6d-abcd"
97 verbose lastModified Tue, 24 Jan 2017 09:16:29 GMT
98 http request GET https://registry.npmjs.org/underscore
99 verbose request uri https://registry.npmjs.org/js-yaml
100 verbose request no auth needed
101 info attempt registry request try #1 at 3:53:34 PM
102 verbose etag W/"58889305-14f14"
103 verbose lastModified Wed, 25 Jan 2017 11:59:01 GMT
104 http request GET https://registry.npmjs.org/js-yaml
105 verbose request uri https://registry.npmjs.org/shelljs
106 verbose request no auth needed
107 info attempt registry request try #1 at 3:53:34 PM
108 verbose etag W/"58872283-137ff"
109 verbose lastModified Tue, 24 Jan 2017 09:46:43 GMT
110 http request GET https://registry.npmjs.org/shelljs
111 http 304 https://registry.npmjs.org/commander
112 verbose headers { date: 'Thu, 26 Jan 2017 14:53:34 GMT',
112 verbose headers   via: '1.1 varnish',
112 verbose headers   'cache-control': 'max-age=300',
112 verbose headers   etag: 'W/"58866a35-fe75"',
112 verbose headers   age: '6',
112 verbose headers   connection: 'keep-alive',
112 verbose headers   'x-served-by': 'cache-ams4122-AMS',
112 verbose headers   'x-cache': 'HIT',
112 verbose headers   'x-cache-hits': '3',
112 verbose headers   'x-timer': 'S1485442414.321027,VS0,VE0',
112 verbose headers   vary: 'Accept-Encoding' }
113 silly get cb [ 304,
113 silly get   { date: 'Thu, 26 Jan 2017 14:53:34 GMT',
113 silly get     via: '1.1 varnish',
113 silly get     'cache-control': 'max-age=300',
113 silly get     etag: 'W/"58866a35-fe75"',
113 silly get     age: '6',
113 silly get     connection: 'keep-alive',
113 silly get     'x-served-by': 'cache-ams4122-AMS',
113 silly get     'x-cache': 'HIT',
113 silly get     'x-cache-hits': '3',
113 silly get     'x-timer': 'S1485442414.321027,VS0,VE0',
113 silly get     vary: 'Accept-Encoding' } ]
114 verbose etag https://registry.npmjs.org/commander from cache
115 verbose get saving commander to /home/annedouwe/.npm/registry.npmjs.org/commander/.cache.json
116 http 304 https://registry.npmjs.org/color-namer
117 verbose headers { date: 'Thu, 26 Jan 2017 14:53:34 GMT',
117 verbose headers   via: '1.1 varnish',
117 verbose headers   'cache-control': 'max-age=300',
117 verbose headers   etag: 'W/"583c2e18-2441"',
117 verbose headers   age: '70',
117 verbose headers   connection: 'keep-alive',
117 verbose headers   'x-served-by': 'cache-ams4142-AMS',
117 verbose headers   'x-cache': 'HIT',
117 verbose headers   'x-cache-hits': '1',
117 verbose headers   'x-timer': 'S1485442414.320451,VS0,VE0',
117 verbose headers   vary: 'Accept-Encoding' }
118 silly get cb [ 304,
118 silly get   { date: 'Thu, 26 Jan 2017 14:53:34 GMT',
118 silly get     via: '1.1 varnish',
118 silly get     'cache-control': 'max-age=300',
118 silly get     etag: 'W/"583c2e18-2441"',
118 silly get     age: '70',
118 silly get     connection: 'keep-alive',
118 silly get     'x-served-by': 'cache-ams4142-AMS',
118 silly get     'x-cache': 'HIT',
118 silly get     'x-cache-hits': '1',
118 silly get     'x-timer': 'S1485442414.320451,VS0,VE0',
118 silly get     vary: 'Accept-Encoding' } ]
119 verbose etag https://registry.npmjs.org/color-namer from cache
120 verbose get saving color-namer to /home/annedouwe/.npm/registry.npmjs.org/color-namer/.cache.json
121 http 304 https://registry.npmjs.org/js-yaml
122 verbose headers { date: 'Thu, 26 Jan 2017 14:53:34 GMT',
122 verbose headers   via: '1.1 varnish',
122 verbose headers   'cache-control': 'max-age=300',
122 verbose headers   etag: 'W/"58889305-14f14"',
122 verbose headers   age: '215',
122 verbose headers   connection: 'keep-alive',
122 verbose headers   'x-served-by': 'cache-ams4430-AMS',
122 verbose headers   'x-cache': 'HIT',
122 verbose headers   'x-cache-hits': '7',
122 verbose headers   'x-timer': 'S1485442414.326197,VS0,VE0',
122 verbose headers   vary: 'Accept-Encoding' }
123 silly get cb [ 304,
123 silly get   { date: 'Thu, 26 Jan 2017 14:53:34 GMT',
123 silly get     via: '1.1 varnish',
123 silly get     'cache-control': 'max-age=300',
123 silly get     etag: 'W/"58889305-14f14"',
123 silly get     age: '215',
123 silly get     connection: 'keep-alive',
123 silly get     'x-served-by': 'cache-ams4430-AMS',
123 silly get     'x-cache': 'HIT',
123 silly get     'x-cache-hits': '7',
123 silly get     'x-timer': 'S1485442414.326197,VS0,VE0',
123 silly get     vary: 'Accept-Encoding' } ]
124 verbose etag https://registry.npmjs.org/js-yaml from cache
125 verbose get saving js-yaml to /home/annedouwe/.npm/registry.npmjs.org/js-yaml/.cache.json
126 http 304 https://registry.npmjs.org/shelljs
127 verbose headers { date: 'Thu, 26 Jan 2017 14:53:34 GMT',
127 verbose headers   via: '1.1 varnish',
127 verbose headers   'cache-control': 'max-age=300',
127 verbose headers   etag: 'W/"58872283-137ff"',
127 verbose headers   age: '27',
127 verbose headers   connection: 'keep-alive',
127 verbose headers   'x-served-by': 'cache-ams4429-AMS',
127 verbose headers   'x-cache': 'HIT',
127 verbose headers   'x-cache-hits': '3',
127 verbose headers   'x-timer': 'S1485442414.327722,VS0,VE0',
127 verbose headers   vary: 'Accept-Encoding' }
128 silly get cb [ 304,
128 silly get   { date: 'Thu, 26 Jan 2017 14:53:34 GMT',
128 silly get     via: '1.1 varnish',
128 silly get     'cache-control': 'max-age=300',
128 silly get     etag: 'W/"58872283-137ff"',
128 silly get     age: '27',
128 silly get     connection: 'keep-alive',
128 silly get     'x-served-by': 'cache-ams4429-AMS',
128 silly get     'x-cache': 'HIT',
128 silly get     'x-cache-hits': '3',
128 silly get     'x-timer': 'S1485442414.327722,VS0,VE0',
128 silly get     vary: 'Accept-Encoding' } ]
129 verbose etag https://registry.npmjs.org/shelljs from cache
130 verbose get saving shelljs to /home/annedouwe/.npm/registry.npmjs.org/shelljs/.cache.json
131 http 304 https://registry.npmjs.org/underscore
132 verbose headers { date: 'Thu, 26 Jan 2017 14:53:34 GMT',
132 verbose headers   via: '1.1 varnish',
132 verbose headers   'cache-control': 'max-age=300',
132 verbose headers   etag: 'W/"58871b6d-abcd"',
132 verbose headers   age: '30',
132 verbose headers   connection: 'keep-alive',
132 verbose headers   'x-served-by': 'cache-ams4442-AMS',
132 verbose headers   'x-cache': 'HIT',
132 verbose headers   'x-cache-hits': '1',
132 verbose headers   'x-timer': 'S1485442414.328217,VS0,VE0',
132 verbose headers   vary: 'Accept-Encoding' }
133 silly get cb [ 304,
133 silly get   { date: 'Thu, 26 Jan 2017 14:53:34 GMT',
133 silly get     via: '1.1 varnish',
133 silly get     'cache-control': 'max-age=300',
133 silly get     etag: 'W/"58871b6d-abcd"',
133 silly get     age: '30',
133 silly get     connection: 'keep-alive',
133 silly get     'x-served-by': 'cache-ams4442-AMS',
133 silly get     'x-cache': 'HIT',
133 silly get     'x-cache-hits': '1',
133 silly get     'x-timer': 'S1485442414.328217,VS0,VE0',
133 silly get     vary: 'Accept-Encoding' } ]
134 verbose etag https://registry.npmjs.org/underscore from cache
135 verbose get saving underscore to /home/annedouwe/.npm/registry.npmjs.org/underscore/.cache.json
136 silly resolveWithNewModule color-namer@1.1.0 checking installable status
137 silly cache add args [ 'color-namer@^1.0.0', null ]
138 verbose cache add spec color-namer@^1.0.0
139 silly cache add parsed spec Result {
139 silly cache add   raw: 'color-namer@^1.0.0',
139 silly cache add   scope: null,
139 silly cache add   name: 'color-namer',
139 silly cache add   rawSpec: '^1.0.0',
139 silly cache add   spec: '>=1.0.0 <2.0.0',
139 silly cache add   type: 'range' }
140 silly addNamed color-namer@>=1.0.0 <2.0.0
141 verbose addNamed ">=1.0.0 <2.0.0" is a valid semver range for color-namer
142 silly addNameRange { name: 'color-namer', range: '>=1.0.0 <2.0.0', hasData: false }
143 silly mapToRegistry name color-namer
144 silly mapToRegistry using default registry
145 silly mapToRegistry registry https://registry.npmjs.org/
146 silly mapToRegistry uri https://registry.npmjs.org/color-namer
147 verbose addNameRange registry:https://registry.npmjs.org/color-namer not in flight; fetching
148 silly resolveWithNewModule commander@2.9.0 checking installable status
149 silly cache add args [ 'commander@^2.9.0', null ]
150 verbose cache add spec commander@^2.9.0
151 silly cache add parsed spec Result {
151 silly cache add   raw: 'commander@^2.9.0',
151 silly cache add   scope: null,
151 silly cache add   name: 'commander',
151 silly cache add   rawSpec: '^2.9.0',
151 silly cache add   spec: '>=2.9.0 <3.0.0',
151 silly cache add   type: 'range' }
152 silly addNamed commander@>=2.9.0 <3.0.0
153 verbose addNamed ">=2.9.0 <3.0.0" is a valid semver range for commander
154 silly addNameRange { name: 'commander', range: '>=2.9.0 <3.0.0', hasData: false }
155 silly mapToRegistry name commander
156 silly mapToRegistry using default registry
157 silly mapToRegistry registry https://registry.npmjs.org/
158 silly mapToRegistry uri https://registry.npmjs.org/commander
159 verbose addNameRange registry:https://registry.npmjs.org/commander not in flight; fetching
160 silly resolveWithNewModule js-yaml@3.7.0 checking installable status
161 silly cache add args [ 'js-yaml@^3.4.3', null ]
162 verbose cache add spec js-yaml@^3.4.3
163 silly cache add parsed spec Result {
163 silly cache add   raw: 'js-yaml@^3.4.3',
163 silly cache add   scope: null,
163 silly cache add   name: 'js-yaml',
163 silly cache add   rawSpec: '^3.4.3',
163 silly cache add   spec: '>=3.4.3 <4.0.0',
163 silly cache add   type: 'range' }
164 silly addNamed js-yaml@>=3.4.3 <4.0.0
165 verbose addNamed ">=3.4.3 <4.0.0" is a valid semver range for js-yaml
166 silly addNameRange { name: 'js-yaml', range: '>=3.4.3 <4.0.0', hasData: false }
167 silly mapToRegistry name js-yaml
168 silly mapToRegistry using default registry
169 silly mapToRegistry registry https://registry.npmjs.org/
170 silly mapToRegistry uri https://registry.npmjs.org/js-yaml
171 verbose addNameRange registry:https://registry.npmjs.org/js-yaml not in flight; fetching
172 verbose get https://registry.npmjs.org/color-namer not expired, no request
173 silly addNameRange number 2 { name: 'color-namer', range: '>=1.0.0 <2.0.0', hasData: true }
174 silly addNameRange versions [ 'color-namer',
174 silly addNameRange   [ '0.1.0', '0.1.1', '0.3.0', '1.0.0', '1.1.0' ] ]
175 silly addNamed color-namer@1.1.0
176 verbose addNamed "1.1.0" is a plain semver version for color-namer
177 verbose get https://registry.npmjs.org/commander not expired, no request
178 silly addNameRange number 2 { name: 'commander', range: '>=2.9.0 <3.0.0', hasData: true }
179 silly addNameRange versions [ 'commander',
179 silly addNameRange   [ '0.0.1',
179 silly addNameRange     '0.0.3',
179 silly addNameRange     '0.0.4',
179 silly addNameRange     '0.0.5',
179 silly addNameRange     '0.1.0',
179 silly addNameRange     '0.2.0',
179 silly addNameRange     '0.2.1',
179 silly addNameRange     '0.3.0',
179 silly addNameRange     '0.3.1',
179 silly addNameRange     '0.3.2',
179 silly addNameRange     '0.3.3',
179 silly addNameRange     '0.4.0',
179 silly addNameRange     '0.4.1',
179 silly addNameRange     '0.4.2',
179 silly addNameRange     '0.4.3',
179 silly addNameRange     '0.5.0',
179 silly addNameRange     '0.5.1',
179 silly addNameRange     '0.6.0',
179 silly addNameRange     '0.6.1',
179 silly addNameRange     '0.5.2',
179 silly addNameRange     '1.0.0',
179 silly addNameRange     '1.0.1',
179 silly addNameRange     '1.0.2',
179 silly addNameRange     '1.0.3',
179 silly addNameRange     '1.0.4',
179 silly addNameRange     '1.0.5',
179 silly addNameRange     '1.1.0',
179 silly addNameRange     '1.1.1',
179 silly addNameRange     '1.2.0',
179 silly addNameRange     '1.3.0',
179 silly addNameRange     '1.3.1',
179 silly addNameRange     '1.3.2',
179 silly addNameRange     '2.0.0',
179 silly addNameRange     '2.1.0',
179 silly addNameRange     '2.2.0',
179 silly addNameRange     '2.3.0',
179 silly addNameRange     '2.4.0',
179 silly addNameRange     '2.5.0',
179 silly addNameRange     '2.5.1',
179 silly addNameRange     '2.6.0',
179 silly addNameRange     '2.7.0',
179 silly addNameRange     '2.7.1',
179 silly addNameRange     '2.8.0',
179 silly addNameRange     '2.8.1',
179 silly addNameRange     '2.9.0' ] ]
180 silly addNamed commander@2.9.0
181 verbose addNamed "2.9.0" is a plain semver version for commander
182 silly resolveWithNewModule shelljs@0.3.0 checking installable status
183 silly cache add args [ 'shelljs@^0.3.0', null ]
184 verbose cache add spec shelljs@^0.3.0
185 silly cache add parsed spec Result {
185 silly cache add   raw: 'shelljs@^0.3.0',
185 silly cache add   scope: null,
185 silly cache add   name: 'shelljs',
185 silly cache add   rawSpec: '^0.3.0',
185 silly cache add   spec: '>=0.3.0 <0.4.0',
185 silly cache add   type: 'range' }
186 silly addNamed shelljs@>=0.3.0 <0.4.0
187 verbose addNamed ">=0.3.0 <0.4.0" is a valid semver range for shelljs
188 silly addNameRange { name: 'shelljs', range: '>=0.3.0 <0.4.0', hasData: false }
189 silly mapToRegistry name shelljs
190 silly mapToRegistry using default registry
191 silly mapToRegistry registry https://registry.npmjs.org/
192 silly mapToRegistry uri https://registry.npmjs.org/shelljs
193 verbose addNameRange registry:https://registry.npmjs.org/shelljs not in flight; fetching
194 silly resolveWithNewModule underscore@1.8.3 checking installable status
195 silly cache add args [ 'underscore@^1.8.3', null ]
196 verbose cache add spec underscore@^1.8.3
197 silly cache add parsed spec Result {
197 silly cache add   raw: 'underscore@^1.8.3',
197 silly cache add   scope: null,
197 silly cache add   name: 'underscore',
197 silly cache add   rawSpec: '^1.8.3',
197 silly cache add   spec: '>=1.8.3 <2.0.0',
197 silly cache add   type: 'range' }
198 silly addNamed underscore@>=1.8.3 <2.0.0
199 verbose addNamed ">=1.8.3 <2.0.0" is a valid semver range for underscore
200 silly addNameRange { name: 'underscore', range: '>=1.8.3 <2.0.0', hasData: false }
201 silly mapToRegistry name underscore
202 silly mapToRegistry using default registry
203 silly mapToRegistry registry https://registry.npmjs.org/
204 silly mapToRegistry uri https://registry.npmjs.org/underscore
205 verbose addNameRange registry:https://registry.npmjs.org/underscore not in flight; fetching
206 verbose get https://registry.npmjs.org/js-yaml not expired, no request
207 silly addNameRange number 2 { name: 'js-yaml', range: '>=3.4.3 <4.0.0', hasData: true }
208 silly addNameRange versions [ 'js-yaml',
208 silly addNameRange   [ '0.2.0',
208 silly addNameRange     '0.2.1',
208 silly addNameRange     '0.2.2',
208 silly addNameRange     '0.3.0',
208 silly addNameRange     '0.3.1',
208 silly addNameRange     '0.3.2',
208 silly addNameRange     '0.3.3',
208 silly addNameRange     '0.3.4',
208 silly addNameRange     '0.3.5',
208 silly addNameRange     '0.3.6',
208 silly addNameRange     '0.3.7',
208 silly addNameRange     '1.0.0',
208 silly addNameRange     '1.0.1',
208 silly addNameRange     '1.0.2',
208 silly addNameRange     '1.0.3',
208 silly addNameRange     '2.0.0',
208 silly addNameRange     '2.0.1',
208 silly addNameRange     '2.0.2',
208 silly addNameRange     '2.0.3',
208 silly addNameRange     '2.0.4',
208 silly addNameRange     '2.0.5',
208 silly addNameRange     '2.1.0',
208 silly addNameRange     '2.1.1',
208 silly addNameRange     '2.1.2',
208 silly addNameRange     '2.1.3',
208 silly addNameRange     '3.0.0',
208 silly addNameRange     '3.0.1',
208 silly addNameRange     '3.0.2',
208 silly addNameRange     '3.1.0',
208 silly addNameRange     '3.2.1',
208 silly addNameRange     '3.2.2',
208 silly addNameRange     '3.2.3',
208 silly addNameRange     '3.2.4',
208 silly addNameRange     '3.2.5',
208 silly addNameRange     '3.2.6',
208 silly addNameRange     '3.2.7',
208 silly addNameRange     '3.3.0',
208 silly addNameRange     '3.3.1',
208 silly addNameRange     '3.4.0',
208 silly addNameRange     '3.4.1',
208 silly addNameRange     '3.4.2',
208 silly addNameRange     '3.4.3',
208 silly addNameRange     '3.4.4',
208 silly addNameRange     '3.4.5',
208 silly addNameRange     '3.4.6',
208 silly addNameRange     '3.5.0',
208 silly addNameRange     '3.5.1',
208 silly addNameRange     '3.5.2',
208 silly addNameRange     '3.5.3',
208 silly addNameRange     '3.5.4',
208 silly addNameRange     '3.5.5',
208 silly addNameRange     '3.6.0',
208 silly addNameRange     '3.6.1',
208 silly addNameRange     '3.7.0' ] ]
209 silly addNamed js-yaml@3.7.0
210 verbose addNamed "3.7.0" is a plain semver version for js-yaml
211 silly cache afterAdd color-namer@1.1.0
212 verbose afterAdd /home/annedouwe/.npm/color-namer/1.1.0/package/package.json not in flight; writing
213 silly cache afterAdd commander@2.9.0
214 verbose afterAdd /home/annedouwe/.npm/commander/2.9.0/package/package.json not in flight; writing
215 verbose get https://registry.npmjs.org/shelljs not expired, no request
216 silly addNameRange number 2 { name: 'shelljs', range: '>=0.3.0 <0.4.0', hasData: true }
217 silly addNameRange versions [ 'shelljs',
217 silly addNameRange   [ '0.0.1',
217 silly addNameRange     '0.0.2',
217 silly addNameRange     '0.0.3',
217 silly addNameRange     '0.0.4',
217 silly addNameRange     '0.0.5',
217 silly addNameRange     '0.0.6',
217 silly addNameRange     '0.0.7',
217 silly addNameRange     '0.0.8',
217 silly addNameRange     '0.0.9',
217 silly addNameRange     '0.1.0',
217 silly addNameRange     '0.1.1',
217 silly addNameRange     '0.1.2',
217 silly addNameRange     '0.1.3',
217 silly addNameRange     '0.1.4',
217 silly addNameRange     '0.2.0',
217 silly addNameRange     '0.2.1',
217 silly addNameRange     '0.2.2',
217 silly addNameRange     '0.2.3',
217 silly addNameRange     '0.2.4',
217 silly addNameRange     '0.2.5',
217 silly addNameRange     '0.2.6',
217 silly addNameRange     '0.3.0',
217 silly addNameRange     '0.4.0',
217 silly addNameRange     '0.5.0',
217 silly addNameRange     '0.5.1',
217 silly addNameRange     '0.5.2',
217 silly addNameRange     '0.5.3',
217 silly addNameRange     '0.6.0',
217 silly addNameRange     '0.7.0',
217 silly addNameRange     '0.7.1',
217 silly addNameRange     '0.7.2',
217 silly addNameRange     '0.7.3',
217 silly addNameRange     '0.6.1',
217 silly addNameRange     '0.7.4',
217 silly addNameRange     '0.7.5',
217 silly addNameRange     '0.7.6',
217 silly addNameRange     '0.0.1-alpha1',
217 silly addNameRange     '0.0.2-pre1',
217 silly addNameRange     '0.0.4-pre1',
217 silly addNameRange     '0.0.5-pre1',
217 silly addNameRange     '0.0.5-pre2',
217 silly addNameRange     '0.0.5-pre3',
217 silly addNameRange     '0.0.5-pre4',
217 silly addNameRange     '0.0.6-pre1',
217 silly addNameRange     '0.0.6-pre2' ] ]
218 silly addNamed shelljs@0.3.0
219 verbose addNamed "0.3.0" is a plain semver version for shelljs
220 verbose get https://registry.npmjs.org/underscore not expired, no request
221 silly addNameRange number 2 { name: 'underscore', range: '>=1.8.3 <2.0.0', hasData: true }
222 silly addNameRange versions [ 'underscore',
222 silly addNameRange   [ '1.0.3',
222 silly addNameRange     '1.0.4',
222 silly addNameRange     '1.1.0',
222 silly addNameRange     '1.1.1',
222 silly addNameRange     '1.1.2',
222 silly addNameRange     '1.1.3',
222 silly addNameRange     '1.1.4',
222 silly addNameRange     '1.1.5',
222 silly addNameRange     '1.1.6',
222 silly addNameRange     '1.1.7',
222 silly addNameRange     '1.2.0',
222 silly addNameRange     '1.2.1',
222 silly addNameRange     '1.2.2',
222 silly addNameRange     '1.2.3',
222 silly addNameRange     '1.2.4',
222 silly addNameRange     '1.3.0',
222 silly addNameRange     '1.3.1',
222 silly addNameRange     '1.3.2',
222 silly addNameRange     '1.3.3',
222 silly addNameRange     '1.4.0',
222 silly addNameRange     '1.4.1',
222 silly addNameRange     '1.4.2',
222 silly addNameRange     '1.4.3',
222 silly addNameRange     '1.4.4',
222 silly addNameRange     '1.5.0',
222 silly addNameRange     '1.5.1',
222 silly addNameRange     '1.5.2',
222 silly addNameRange     '1.6.0',
222 silly addNameRange     '1.7.0',
222 silly addNameRange     '1.8.0',
222 silly addNameRange     '1.8.1',
222 silly addNameRange     '1.8.2',
222 silly addNameRange     '1.8.3' ] ]
223 silly addNamed underscore@1.8.3
224 verbose addNamed "1.8.3" is a plain semver version for underscore
225 verbose afterAdd /home/annedouwe/.npm/color-namer/1.1.0/package/package.json written
226 silly cache afterAdd js-yaml@3.7.0
227 verbose afterAdd /home/annedouwe/.npm/js-yaml/3.7.0/package/package.json not in flight; writing
228 verbose afterAdd /home/annedouwe/.npm/commander/2.9.0/package/package.json written
229 silly cache afterAdd underscore@1.8.3
230 verbose afterAdd /home/annedouwe/.npm/underscore/1.8.3/package/package.json not in flight; writing
231 silly cache afterAdd shelljs@0.3.0
232 verbose afterAdd /home/annedouwe/.npm/shelljs/0.3.0/package/package.json not in flight; writing
233 verbose afterAdd /home/annedouwe/.npm/js-yaml/3.7.0/package/package.json written
234 verbose afterAdd /home/annedouwe/.npm/underscore/1.8.3/package/package.json written
235 verbose afterAdd /home/annedouwe/.npm/shelljs/0.3.0/package/package.json written
236 silly fetchNamedPackageData chroma-js
237 silly mapToRegistry name chroma-js
238 silly mapToRegistry using default registry
239 silly mapToRegistry registry https://registry.npmjs.org/
240 silly mapToRegistry uri https://registry.npmjs.org/chroma-js
241 silly fetchNamedPackageData euclidean-distance
242 silly mapToRegistry name euclidean-distance
243 silly mapToRegistry using default registry
244 silly mapToRegistry registry https://registry.npmjs.org/
245 silly mapToRegistry uri https://registry.npmjs.org/euclidean-distance
246 verbose request uri https://registry.npmjs.org/chroma-js
247 verbose request no auth needed
248 info attempt registry request try #1 at 3:53:34 PM
249 verbose etag W/"5819af4e-815f"
250 verbose lastModified Wed, 02 Nov 2016 09:18:06 GMT
251 http request GET https://registry.npmjs.org/chroma-js
252 verbose request uri https://registry.npmjs.org/euclidean-distance
253 verbose request no auth needed
254 info attempt registry request try #1 at 3:53:34 PM
255 verbose etag W/"5819aff8-1d44"
256 verbose lastModified Wed, 02 Nov 2016 09:20:56 GMT
257 http request GET https://registry.npmjs.org/euclidean-distance
258 http 304 https://registry.npmjs.org/euclidean-distance
259 verbose headers { date: 'Thu, 26 Jan 2017 14:53:34 GMT',
259 verbose headers   via: '1.1 varnish',
259 verbose headers   'cache-control': 'max-age=300',
259 verbose headers   etag: 'W/"5819aff8-1d44"',
259 verbose headers   age: '0',
259 verbose headers   connection: 'keep-alive',
259 verbose headers   'x-served-by': 'cache-ams4432-AMS',
259 verbose headers   'x-cache': 'HIT',
259 verbose headers   'x-cache-hits': '1',
259 verbose headers   'x-timer': 'S1485442414.440681,VS0,VE7',
259 verbose headers   vary: 'Accept-Encoding' }
260 silly get cb [ 304,
260 silly get   { date: 'Thu, 26 Jan 2017 14:53:34 GMT',
260 silly get     via: '1.1 varnish',
260 silly get     'cache-control': 'max-age=300',
260 silly get     etag: 'W/"5819aff8-1d44"',
260 silly get     age: '0',
260 silly get     connection: 'keep-alive',
260 silly get     'x-served-by': 'cache-ams4432-AMS',
260 silly get     'x-cache': 'HIT',
260 silly get     'x-cache-hits': '1',
260 silly get     'x-timer': 'S1485442414.440681,VS0,VE7',
260 silly get     vary: 'Accept-Encoding' } ]
261 verbose etag https://registry.npmjs.org/euclidean-distance from cache
262 verbose get saving euclidean-distance to /home/annedouwe/.npm/registry.npmjs.org/euclidean-distance/.cache.json
263 silly resolveWithNewModule euclidean-distance@0.1.1 checking installable status
264 silly cache add args [ 'euclidean-distance@~0.1.0', null ]
265 verbose cache add spec euclidean-distance@~0.1.0
266 silly cache add parsed spec Result {
266 silly cache add   raw: 'euclidean-distance@~0.1.0',
266 silly cache add   scope: null,
266 silly cache add   name: 'euclidean-distance',
266 silly cache add   rawSpec: '~0.1.0',
266 silly cache add   spec: '>=0.1.0 <0.2.0',
266 silly cache add   type: 'range' }
267 silly addNamed euclidean-distance@>=0.1.0 <0.2.0
268 verbose addNamed ">=0.1.0 <0.2.0" is a valid semver range for euclidean-distance
269 silly addNameRange { name: 'euclidean-distance',
269 silly addNameRange   range: '>=0.1.0 <0.2.0',
269 silly addNameRange   hasData: false }
270 silly mapToRegistry name euclidean-distance
271 silly mapToRegistry using default registry
272 silly mapToRegistry registry https://registry.npmjs.org/
273 silly mapToRegistry uri https://registry.npmjs.org/euclidean-distance
274 verbose addNameRange registry:https://registry.npmjs.org/euclidean-distance not in flight; fetching
275 verbose get https://registry.npmjs.org/euclidean-distance not expired, no request
276 silly addNameRange number 2 { name: 'euclidean-distance',
276 silly addNameRange   range: '>=0.1.0 <0.2.0',
276 silly addNameRange   hasData: true }
277 silly addNameRange versions [ 'euclidean-distance',
277 silly addNameRange   [ '0.1.0', '0.1.1', '0.2.0', '0.3.0', '1.0.0' ] ]
278 silly addNamed euclidean-distance@0.1.1
279 verbose addNamed "0.1.1" is a plain semver version for euclidean-distance
280 http 304 https://registry.npmjs.org/chroma-js
281 verbose headers { date: 'Thu, 26 Jan 2017 14:53:34 GMT',
281 verbose headers   via: '1.1 varnish',
281 verbose headers   'cache-control': 'max-age=300',
281 verbose headers   etag: 'W/"5819af4e-815f"',
281 verbose headers   age: '117',
281 verbose headers   connection: 'keep-alive',
281 verbose headers   'x-served-by': 'cache-ams4139-AMS',
281 verbose headers   'x-cache': 'HIT',
281 verbose headers   'x-cache-hits': '1',
281 verbose headers   'x-timer': 'S1485442414.456852,VS0,VE0',
281 verbose headers   vary: 'Accept-Encoding' }
282 silly get cb [ 304,
282 silly get   { date: 'Thu, 26 Jan 2017 14:53:34 GMT',
282 silly get     via: '1.1 varnish',
282 silly get     'cache-control': 'max-age=300',
282 silly get     etag: 'W/"5819af4e-815f"',
282 silly get     age: '117',
282 silly get     connection: 'keep-alive',
282 silly get     'x-served-by': 'cache-ams4139-AMS',
282 silly get     'x-cache': 'HIT',
282 silly get     'x-cache-hits': '1',
282 silly get     'x-timer': 'S1485442414.456852,VS0,VE0',
282 silly get     vary: 'Accept-Encoding' } ]
283 verbose etag https://registry.npmjs.org/chroma-js from cache
284 verbose get saving chroma-js to /home/annedouwe/.npm/registry.npmjs.org/chroma-js/.cache.json
285 silly cache afterAdd euclidean-distance@0.1.1
286 verbose afterAdd /home/annedouwe/.npm/euclidean-distance/0.1.1/package/package.json not in flight; writing
287 silly resolveWithNewModule chroma-js@0.5.9 checking installable status
288 silly cache add args [ 'chroma-js@~0.5.2', null ]
289 verbose cache add spec chroma-js@~0.5.2
290 silly cache add parsed spec Result {
290 silly cache add   raw: 'chroma-js@~0.5.2',
290 silly cache add   scope: null,
290 silly cache add   name: 'chroma-js',
290 silly cache add   rawSpec: '~0.5.2',
290 silly cache add   spec: '>=0.5.2 <0.6.0',
290 silly cache add   type: 'range' }
291 silly addNamed chroma-js@>=0.5.2 <0.6.0
292 verbose addNamed ">=0.5.2 <0.6.0" is a valid semver range for chroma-js
293 silly addNameRange { name: 'chroma-js', range: '>=0.5.2 <0.6.0', hasData: false }
294 silly mapToRegistry name chroma-js
295 silly mapToRegistry using default registry
296 silly mapToRegistry registry https://registry.npmjs.org/
297 silly mapToRegistry uri https://registry.npmjs.org/chroma-js
298 verbose addNameRange registry:https://registry.npmjs.org/chroma-js not in flight; fetching
299 verbose afterAdd /home/annedouwe/.npm/euclidean-distance/0.1.1/package/package.json written
300 verbose get https://registry.npmjs.org/chroma-js not expired, no request
301 silly addNameRange number 2 { name: 'chroma-js', range: '>=0.5.2 <0.6.0', hasData: true }
302 silly addNameRange versions [ 'chroma-js',
302 silly addNameRange   [ '0.2.5',
302 silly addNameRange     '0.4.3',
302 silly addNameRange     '0.4.7',
302 silly addNameRange     '0.4.8',
302 silly addNameRange     '0.4.10',
302 silly addNameRange     '0.4.11',
302 silly addNameRange     '0.5.1',
302 silly addNameRange     '0.5.2',
302 silly addNameRange     '0.5.4',
302 silly addNameRange     '0.5.5',
302 silly addNameRange     '0.5.6',
302 silly addNameRange     '0.5.7',
302 silly addNameRange     '0.5.8',
302 silly addNameRange     '0.5.9',
302 silly addNameRange     '0.6.0',
302 silly addNameRange     '0.6.1',
302 silly addNameRange     '0.6.2',
302 silly addNameRange     '0.6.3',
302 silly addNameRange     '0.7.1',
302 silly addNameRange     '0.7.2',
302 silly addNameRange     '0.7.3',
302 silly addNameRange     '0.7.4',
302 silly addNameRange     '0.7.5',
302 silly addNameRange     '0.7.6',
302 silly addNameRange     '0.7.8',
302 silly addNameRange     '1.0.1',
302 silly addNameRange     '1.1.0',
302 silly addNameRange     '1.1.1',
302 silly addNameRange     '1.2.1' ] ]
303 silly addNamed chroma-js@0.5.9
304 verbose addNamed "0.5.9" is a plain semver version for chroma-js
305 silly cache afterAdd chroma-js@0.5.9
306 verbose afterAdd /home/annedouwe/.npm/chroma-js/0.5.9/package/package.json not in flight; writing
307 verbose afterAdd /home/annedouwe/.npm/chroma-js/0.5.9/package/package.json written
308 silly fetchNamedPackageData graceful-readlink
309 silly mapToRegistry name graceful-readlink
310 silly mapToRegistry using default registry
311 silly mapToRegistry registry https://registry.npmjs.org/
312 silly mapToRegistry uri https://registry.npmjs.org/graceful-readlink
313 verbose request uri https://registry.npmjs.org/graceful-readlink
314 verbose request no auth needed
315 info attempt registry request try #1 at 3:53:34 PM
316 verbose etag W/"585ef90e-c1b"
317 verbose lastModified Sat, 24 Dec 2016 22:39:10 GMT
318 http request GET https://registry.npmjs.org/graceful-readlink
319 http 304 https://registry.npmjs.org/graceful-readlink
320 verbose headers { date: 'Thu, 26 Jan 2017 14:53:34 GMT',
320 verbose headers   via: '1.1 varnish',
320 verbose headers   'cache-control': 'max-age=300',
320 verbose headers   etag: 'W/"585ef90e-c1b"',
320 verbose headers   age: '165',
320 verbose headers   connection: 'keep-alive',
320 verbose headers   'x-served-by': 'cache-ams4132-AMS',
320 verbose headers   'x-cache': 'HIT',
320 verbose headers   'x-cache-hits': '2',
320 verbose headers   'x-timer': 'S1485442414.544284,VS0,VE0',
320 verbose headers   vary: 'Accept-Encoding' }
321 silly get cb [ 304,
321 silly get   { date: 'Thu, 26 Jan 2017 14:53:34 GMT',
321 silly get     via: '1.1 varnish',
321 silly get     'cache-control': 'max-age=300',
321 silly get     etag: 'W/"585ef90e-c1b"',
321 silly get     age: '165',
321 silly get     connection: 'keep-alive',
321 silly get     'x-served-by': 'cache-ams4132-AMS',
321 silly get     'x-cache': 'HIT',
321 silly get     'x-cache-hits': '2',
321 silly get     'x-timer': 'S1485442414.544284,VS0,VE0',
321 silly get     vary: 'Accept-Encoding' } ]
322 verbose etag https://registry.npmjs.org/graceful-readlink from cache
323 verbose get saving graceful-readlink to /home/annedouwe/.npm/registry.npmjs.org/graceful-readlink/.cache.json
324 silly resolveWithNewModule graceful-readlink@1.0.1 checking installable status
325 silly cache add args [ 'graceful-readlink@>= 1.0.0', null ]
326 verbose cache add spec graceful-readlink@>= 1.0.0
327 silly cache add parsed spec Result {
327 silly cache add   raw: 'graceful-readlink@>= 1.0.0',
327 silly cache add   scope: null,
327 silly cache add   name: 'graceful-readlink',
327 silly cache add   rawSpec: '>= 1.0.0',
327 silly cache add   spec: '>=1.0.0',
327 silly cache add   type: 'range' }
328 silly addNamed graceful-readlink@>=1.0.0
329 verbose addNamed ">=1.0.0" is a valid semver range for graceful-readlink
330 silly addNameRange { name: 'graceful-readlink', range: '>=1.0.0', hasData: false }
331 silly mapToRegistry name graceful-readlink
332 silly mapToRegistry using default registry
333 silly mapToRegistry registry https://registry.npmjs.org/
334 silly mapToRegistry uri https://registry.npmjs.org/graceful-readlink
335 verbose addNameRange registry:https://registry.npmjs.org/graceful-readlink not in flight; fetching
336 verbose get https://registry.npmjs.org/graceful-readlink not expired, no request
337 silly addNameRange number 2 { name: 'graceful-readlink', range: '>=1.0.0', hasData: true }
338 silly addNameRange versions [ 'graceful-readlink', [ '1.0.0', '1.0.1' ] ]
339 silly addNamed graceful-readlink@1.0.1
340 verbose addNamed "1.0.1" is a plain semver version for graceful-readlink
341 silly cache afterAdd graceful-readlink@1.0.1
342 verbose afterAdd /home/annedouwe/.npm/graceful-readlink/1.0.1/package/package.json not in flight; writing
343 verbose afterAdd /home/annedouwe/.npm/graceful-readlink/1.0.1/package/package.json written
344 silly fetchNamedPackageData argparse
345 silly mapToRegistry name argparse
346 silly mapToRegistry using default registry
347 silly mapToRegistry registry https://registry.npmjs.org/
348 silly mapToRegistry uri https://registry.npmjs.org/argparse
349 silly fetchNamedPackageData esprima
350 silly mapToRegistry name esprima
351 silly mapToRegistry using default registry
352 silly mapToRegistry registry https://registry.npmjs.org/
353 silly mapToRegistry uri https://registry.npmjs.org/esprima
354 verbose request uri https://registry.npmjs.org/argparse
355 verbose request no auth needed
356 info attempt registry request try #1 at 3:53:34 PM
357 verbose etag W/"5844d6bc-9dcc"
358 verbose lastModified Mon, 05 Dec 2016 02:53:48 GMT
359 http request GET https://registry.npmjs.org/argparse
360 verbose request uri https://registry.npmjs.org/esprima
361 verbose request no auth needed
362 info attempt registry request try #1 at 3:53:34 PM
363 verbose etag W/"58620103-17284"
364 verbose lastModified Tue, 27 Dec 2016 05:49:55 GMT
365 http request GET https://registry.npmjs.org/esprima
366 http 304 https://registry.npmjs.org/argparse
367 verbose headers { date: 'Thu, 26 Jan 2017 14:53:34 GMT',
367 verbose headers   via: '1.1 varnish',
367 verbose headers   'cache-control': 'max-age=300',
367 verbose headers   etag: 'W/"5844d6bc-9dcc"',
367 verbose headers   age: '163',
367 verbose headers   connection: 'keep-alive',
367 verbose headers   'x-served-by': 'cache-ams4133-AMS',
367 verbose headers   'x-cache': 'HIT',
367 verbose headers   'x-cache-hits': '9',
367 verbose headers   'x-timer': 'S1485442414.631270,VS0,VE0',
367 verbose headers   vary: 'Accept-Encoding' }
368 silly get cb [ 304,
368 silly get   { date: 'Thu, 26 Jan 2017 14:53:34 GMT',
368 silly get     via: '1.1 varnish',
368 silly get     'cache-control': 'max-age=300',
368 silly get     etag: 'W/"5844d6bc-9dcc"',
368 silly get     age: '163',
368 silly get     connection: 'keep-alive',
368 silly get     'x-served-by': 'cache-ams4133-AMS',
368 silly get     'x-cache': 'HIT',
368 silly get     'x-cache-hits': '9',
368 silly get     'x-timer': 'S1485442414.631270,VS0,VE0',
368 silly get     vary: 'Accept-Encoding' } ]
369 verbose etag https://registry.npmjs.org/argparse from cache
370 verbose get saving argparse to /home/annedouwe/.npm/registry.npmjs.org/argparse/.cache.json
371 http 304 https://registry.npmjs.org/esprima
372 verbose headers { date: 'Thu, 26 Jan 2017 14:53:34 GMT',
372 verbose headers   via: '1.1 varnish',
372 verbose headers   'cache-control': 'max-age=300',
372 verbose headers   etag: 'W/"58620103-17284"',
372 verbose headers   age: '204',
372 verbose headers   connection: 'keep-alive',
372 verbose headers   'x-served-by': 'cache-ams4138-AMS',
372 verbose headers   'x-cache': 'HIT',
372 verbose headers   'x-cache-hits': '9',
372 verbose headers   'x-timer': 'S1485442414.637078,VS0,VE0',
372 verbose headers   vary: 'Accept-Encoding' }
373 silly get cb [ 304,
373 silly get   { date: 'Thu, 26 Jan 2017 14:53:34 GMT',
373 silly get     via: '1.1 varnish',
373 silly get     'cache-control': 'max-age=300',
373 silly get     etag: 'W/"58620103-17284"',
373 silly get     age: '204',
373 silly get     connection: 'keep-alive',
373 silly get     'x-served-by': 'cache-ams4138-AMS',
373 silly get     'x-cache': 'HIT',
373 silly get     'x-cache-hits': '9',
373 silly get     'x-timer': 'S1485442414.637078,VS0,VE0',
373 silly get     vary: 'Accept-Encoding' } ]
374 verbose etag https://registry.npmjs.org/esprima from cache
375 verbose get saving esprima to /home/annedouwe/.npm/registry.npmjs.org/esprima/.cache.json
376 silly resolveWithNewModule argparse@1.0.9 checking installable status
377 silly cache add args [ 'argparse@^1.0.7', null ]
378 verbose cache add spec argparse@^1.0.7
379 silly cache add parsed spec Result {
379 silly cache add   raw: 'argparse@^1.0.7',
379 silly cache add   scope: null,
379 silly cache add   name: 'argparse',
379 silly cache add   rawSpec: '^1.0.7',
379 silly cache add   spec: '>=1.0.7 <2.0.0',
379 silly cache add   type: 'range' }
380 silly addNamed argparse@>=1.0.7 <2.0.0
381 verbose addNamed ">=1.0.7 <2.0.0" is a valid semver range for argparse
382 silly addNameRange { name: 'argparse', range: '>=1.0.7 <2.0.0', hasData: false }
383 silly mapToRegistry name argparse
384 silly mapToRegistry using default registry
385 silly mapToRegistry registry https://registry.npmjs.org/
386 silly mapToRegistry uri https://registry.npmjs.org/argparse
387 verbose addNameRange registry:https://registry.npmjs.org/argparse not in flight; fetching
388 silly resolveWithNewModule esprima@2.7.3 checking installable status
389 silly cache add args [ 'esprima@^2.6.0', null ]
390 verbose cache add spec esprima@^2.6.0
391 silly cache add parsed spec Result {
391 silly cache add   raw: 'esprima@^2.6.0',
391 silly cache add   scope: null,
391 silly cache add   name: 'esprima',
391 silly cache add   rawSpec: '^2.6.0',
391 silly cache add   spec: '>=2.6.0 <3.0.0',
391 silly cache add   type: 'range' }
392 silly addNamed esprima@>=2.6.0 <3.0.0
393 verbose addNamed ">=2.6.0 <3.0.0" is a valid semver range for esprima
394 silly addNameRange { name: 'esprima', range: '>=2.6.0 <3.0.0', hasData: false }
395 silly mapToRegistry name esprima
396 silly mapToRegistry using default registry
397 silly mapToRegistry registry https://registry.npmjs.org/
398 silly mapToRegistry uri https://registry.npmjs.org/esprima
399 verbose addNameRange registry:https://registry.npmjs.org/esprima not in flight; fetching
400 verbose get https://registry.npmjs.org/argparse not expired, no request
401 silly addNameRange number 2 { name: 'argparse', range: '>=1.0.7 <2.0.0', hasData: true }
402 silly addNameRange versions [ 'argparse',
402 silly addNameRange   [ '0.1.0',
402 silly addNameRange     '0.1.1',
402 silly addNameRange     '0.1.2',
402 silly addNameRange     '0.1.3',
402 silly addNameRange     '0.1.4',
402 silly addNameRange     '0.1.5',
402 silly addNameRange     '0.1.6',
402 silly addNameRange     '0.1.7',
402 silly addNameRange     '0.1.8',
402 silly addNameRange     '0.1.9',
402 silly addNameRange     '0.1.10',
402 silly addNameRange     '0.1.11',
402 silly addNameRange     '0.1.12',
402 silly addNameRange     '0.1.13',
402 silly addNameRange     '0.1.14',
402 silly addNameRange     '0.1.15',
402 silly addNameRange     '0.1.16',
402 silly addNameRange     '1.0.0',
402 silly addNameRange     '1.0.1',
402 silly addNameRange     '1.0.2',
402 silly addNameRange     '1.0.3',
402 silly addNameRange     '1.0.4',
402 silly addNameRange     '1.0.5',
402 silly addNameRange     '1.0.6',
402 silly addNameRange     '1.0.7',
402 silly addNameRange     '1.0.8',
402 silly addNameRange     '1.0.9' ] ]
403 silly addNamed argparse@1.0.9
404 verbose addNamed "1.0.9" is a plain semver version for argparse
405 verbose get https://registry.npmjs.org/esprima not expired, no request
406 silly addNameRange number 2 { name: 'esprima', range: '>=2.6.0 <3.0.0', hasData: true }
407 silly addNameRange versions [ 'esprima',
407 silly addNameRange   [ '0.7.0',
407 silly addNameRange     '0.8.0',
407 silly addNameRange     '0.8.1',
407 silly addNameRange     '0.8.2',
407 silly addNameRange     '0.9.0',
407 silly addNameRange     '0.9.1',
407 silly addNameRange     '0.9.2',
407 silly addNameRange     '0.9.3',
407 silly addNameRange     '0.9.4',
407 silly addNameRange     '0.9.5',
407 silly addNameRange     '0.9.6',
407 silly addNameRange     '0.9.7',
407 silly addNameRange     '0.9.8',
407 silly addNameRange     '0.9.9',
407 silly addNameRange     '1.0.0',
407 silly addNameRange     '1.0.1',
407 silly addNameRange     '1.0.2',
407 silly addNameRange     '1.0.3',
407 silly addNameRange     '1.0.4',
407 silly addNameRange     '1.1.0',
407 silly addNameRange     '1.1.1',
407 silly addNameRange     '1.2.0',
407 silly addNameRange     '1.2.1',
407 silly addNameRange     '1.2.2',
407 silly addNameRange     '1.2.3',
407 silly addNameRange     '1.2.4',
407 silly addNameRange     '2.0.0',
407 silly addNameRange     '1.2.5',
407 silly addNameRange     '2.1.0',
407 silly addNameRange     '2.2.0',
407 silly addNameRange     '2.3.0',
407 silly addNameRange     '2.4.0',
407 silly addNameRange     '2.4.1',
407 silly addNameRange     '2.5.0',
407 silly addNameRange     '2.6.0',
407 silly addNameRange     '2.7.0',
407 silly addNameRange     '2.7.1',
407 silly addNameRange     '2.7.2',
407 silly addNameRange     '2.7.3',
407 silly addNameRange     '3.0.0',
407 silly addNameRange     '3.1.0',
407 silly addNameRange     '3.1.1',
407 silly addNameRange     '3.1.2',
407 silly addNameRange     '3.1.3' ] ]
408 silly addNamed esprima@2.7.3
409 verbose addNamed "2.7.3" is a plain semver version for esprima
410 silly cache afterAdd argparse@1.0.9
411 verbose afterAdd /home/annedouwe/.npm/argparse/1.0.9/package/package.json not in flight; writing
412 silly cache afterAdd esprima@2.7.3
413 verbose afterAdd /home/annedouwe/.npm/esprima/2.7.3/package/package.json not in flight; writing
414 verbose afterAdd /home/annedouwe/.npm/argparse/1.0.9/package/package.json written
415 verbose afterAdd /home/annedouwe/.npm/esprima/2.7.3/package/package.json written
416 silly fetchNamedPackageData sprintf-js
417 silly mapToRegistry name sprintf-js
418 silly mapToRegistry using default registry
419 silly mapToRegistry registry https://registry.npmjs.org/
420 silly mapToRegistry uri https://registry.npmjs.org/sprintf-js
421 verbose request uri https://registry.npmjs.org/sprintf-js
422 verbose request no auth needed
423 info attempt registry request try #1 at 3:53:34 PM
424 verbose etag W/"5886ebd9-270c"
425 verbose lastModified Tue, 24 Jan 2017 05:53:29 GMT
426 http request GET https://registry.npmjs.org/sprintf-js
427 http 304 https://registry.npmjs.org/sprintf-js
428 verbose headers { date: 'Thu, 26 Jan 2017 14:53:34 GMT',
428 verbose headers   via: '1.1 varnish',
428 verbose headers   'cache-control': 'max-age=300',
428 verbose headers   etag: 'W/"5886ebd9-270c"',
428 verbose headers   age: '45',
428 verbose headers   connection: 'keep-alive',
428 verbose headers   'x-served-by': 'cache-ams4432-AMS',
428 verbose headers   'x-cache': 'HIT',
428 verbose headers   'x-cache-hits': '1',
428 verbose headers   'x-timer': 'S1485442414.736028,VS0,VE0',
428 verbose headers   vary: 'Accept-Encoding' }
429 silly get cb [ 304,
429 silly get   { date: 'Thu, 26 Jan 2017 14:53:34 GMT',
429 silly get     via: '1.1 varnish',
429 silly get     'cache-control': 'max-age=300',
429 silly get     etag: 'W/"5886ebd9-270c"',
429 silly get     age: '45',
429 silly get     connection: 'keep-alive',
429 silly get     'x-served-by': 'cache-ams4432-AMS',
429 silly get     'x-cache': 'HIT',
429 silly get     'x-cache-hits': '1',
429 silly get     'x-timer': 'S1485442414.736028,VS0,VE0',
429 silly get     vary: 'Accept-Encoding' } ]
430 verbose etag https://registry.npmjs.org/sprintf-js from cache
431 verbose get saving sprintf-js to /home/annedouwe/.npm/registry.npmjs.org/sprintf-js/.cache.json
432 silly resolveWithNewModule sprintf-js@1.0.3 checking installable status
433 silly cache add args [ 'sprintf-js@~1.0.2', null ]
434 verbose cache add spec sprintf-js@~1.0.2
435 silly cache add parsed spec Result {
435 silly cache add   raw: 'sprintf-js@~1.0.2',
435 silly cache add   scope: null,
435 silly cache add   name: 'sprintf-js',
435 silly cache add   rawSpec: '~1.0.2',
435 silly cache add   spec: '>=1.0.2 <1.1.0',
435 silly cache add   type: 'range' }
436 silly addNamed sprintf-js@>=1.0.2 <1.1.0
437 verbose addNamed ">=1.0.2 <1.1.0" is a valid semver range for sprintf-js
438 silly addNameRange { name: 'sprintf-js', range: '>=1.0.2 <1.1.0', hasData: false }
439 silly mapToRegistry name sprintf-js
440 silly mapToRegistry using default registry
441 silly mapToRegistry registry https://registry.npmjs.org/
442 silly mapToRegistry uri https://registry.npmjs.org/sprintf-js
443 verbose addNameRange registry:https://registry.npmjs.org/sprintf-js not in flight; fetching
444 verbose get https://registry.npmjs.org/sprintf-js not expired, no request
445 silly addNameRange number 2 { name: 'sprintf-js', range: '>=1.0.2 <1.1.0', hasData: true }
446 silly addNameRange versions [ 'sprintf-js', [ '0.0.7', '1.0.1', '1.0.2', '1.0.3' ] ]
447 silly addNamed sprintf-js@1.0.3
448 verbose addNamed "1.0.3" is a plain semver version for sprintf-js
449 silly cache afterAdd sprintf-js@1.0.3
450 verbose afterAdd /home/annedouwe/.npm/sprintf-js/1.0.3/package/package.json not in flight; writing
451 verbose afterAdd /home/annedouwe/.npm/sprintf-js/1.0.3/package/package.json written
452 silly loadAllDepsIntoIdealTree Finishing
453 silly idealTree:prePrune lib
453 silly idealTree:prePrune  i3-style@0.10.0
453 silly idealTree:prePrune    argparse@1.0.9
453 silly idealTree:prePrune    chroma-js@0.5.9
453 silly idealTree:prePrune    color-namer@1.1.0
453 silly idealTree:prePrune    commander@2.9.0
453 silly idealTree:prePrune    esprima@2.7.3
453 silly idealTree:prePrune    euclidean-distance@0.1.1
453 silly idealTree:prePrune    graceful-readlink@1.0.1
453 silly idealTree:prePrune    js-yaml@3.7.0
453 silly idealTree:prePrune    shelljs@0.3.0
453 silly idealTree:prePrune    sprintf-js@1.0.3
453 silly idealTree:prePrune    underscore@1.8.3
454 silly loadIdealTree Finishing
455 silly currentTree lib
455 silly currentTree  i3-style@0.10.0
455 silly currentTree    argparse@1.0.9
455 silly currentTree    chroma-js@0.5.9
455 silly currentTree    color-namer@1.1.0
455 silly currentTree    commander@2.9.0
455 silly currentTree    esprima@2.7.3
455 silly currentTree    euclidean-distance@0.1.1
455 silly currentTree    graceful-readlink@1.0.1
455 silly currentTree    js-yaml@3.7.0
455 silly currentTree    shelljs@0.3.0
455 silly currentTree    sprintf-js@1.0.3
455 silly currentTree    underscore@1.8.3
456 silly idealTree lib
456 silly idealTree  i3-style@0.10.0
456 silly idealTree    argparse@1.0.9
456 silly idealTree    chroma-js@0.5.9
456 silly idealTree    color-namer@1.1.0
456 silly idealTree    commander@2.9.0
456 silly idealTree    esprima@2.7.3
456 silly idealTree    euclidean-distance@0.1.1
456 silly idealTree    graceful-readlink@1.0.1
456 silly idealTree    js-yaml@3.7.0
456 silly idealTree    shelljs@0.3.0
456 silly idealTree    sprintf-js@1.0.3
456 silly idealTree    underscore@1.8.3
457 silly generateActionsToTake Starting
458 silly install generateActionsToTake
459 warn checkPermissions Missing write access to /usr/local/lib/node_modules/i3-style
460 silly rollbackFailedOptional Starting
461 silly rollbackFailedOptional Finishing
462 silly runTopLevelLifecycles Starting
463 silly runTopLevelLifecycles Finishing
464 silly install printInstalled
465 verbose stack Error: EACCES: permission denied, access '/usr/local/lib/node_modules/i3-style'
465 verbose stack     at Error (native)
466 verbose cwd /home/annedouwe/dotfiles
467 error Linux 4.4.0-59-generic
468 error argv "/usr/bin/nodejs" "/usr/bin/npm" "install" "-g" "i3-style"
469 error node v4.2.6
470 error npm  v3.5.2
471 error path /usr/local/lib/node_modules/i3-style
472 error code EACCES
473 error errno -13
474 error syscall access
475 error Error: EACCES: permission denied, access '/usr/local/lib/node_modules/i3-style'
475 error     at Error (native)
475 error  { [Error: EACCES: permission denied, access '/usr/local/lib/node_modules/i3-style']
475 error   errno: -13,
475 error   code: 'EACCES',
475 error   syscall: 'access',
475 error   path: '/usr/local/lib/node_modules/i3-style' }
476 error Please try running this command again as root/Administrator.
477 verbose exit [ -13, true ]
